#-----------------------------------------------------------
# Vivado v2019.1 (64-bit)
# SW Build 2552052 on Fri May 24 14:49:42 MDT 2019
# IP Build 2548770 on Fri May 24 18:01:18 MDT 2019
# Start of session at: Thu Feb 23 15:55:48 2023
# Process ID: 17548
# Current directory: C:/Users/kbastola1/Desktop/Lab2B
# Command line: vivado.exe -gui_launcher_event rodinguilauncherevent17296 C:\Users\kbastola1\Desktop\Lab2B\Lab2B.xpr
# Log file: C:/Users/kbastola1/Desktop/Lab2B/vivado.log
# Journal file: C:/Users/kbastola1/Desktop/Lab2B\vivado.jou
#-----------------------------------------------------------
start_gui
open_project C:/Users/kbastola1/Desktop/Lab2B/Lab2B.xpr
Scanning sources...
Finished scanning sources
INFO: [IP_Flow 19-234] Refreshing IP repositories
INFO: [IP_Flow 19-1704] No user IP repositories specified
INFO: [IP_Flow 19-2313] Loaded Vivado IP repository 'C:/Xilinx/Vivado/2019.1/data/ip'.
open_project: Time (s): cpu = 00:00:13 ; elapsed = 00:00:06 . Memory (MB): peak = 847.121 ; gain = 160.918
update_compile_order -fileset sources_1
exit
INFO: [Common 17-206] Exiting Vivado at Thu Feb 23 16:14:52 2023...
