#-----------------------------------------------------------
# Vivado v2019.1 (64-bit)
# SW Build 2552052 on Fri May 24 14:49:42 MDT 2019
# IP Build 2548770 on Fri May 24 18:01:18 MDT 2019
# Start of session at: Thu Mar  2 17:22:00 2023
# Process ID: 19044
# Current directory: C:/Users/kbastola1/Desktop/Display
# Command line: vivado.exe -gui_launcher_event rodinguilauncherevent18864 C:\Users\kbastola1\Desktop\Display\Display.xpr
# Log file: C:/Users/kbastola1/Desktop/Display/vivado.log
# Journal file: C:/Users/kbastola1/Desktop/Display\vivado.jou
#-----------------------------------------------------------
start_gui
open_project C:/Users/kbastola1/Desktop/Display/Display.xpr
Scanning sources...
Finished scanning sources
INFO: [IP_Flow 19-234] Refreshing IP repositories
INFO: [IP_Flow 19-1704] No user IP repositories specified
INFO: [IP_Flow 19-2313] Loaded Vivado IP repository 'C:/Xilinx/Vivado/2019.1/data/ip'.
open_project: Time (s): cpu = 00:00:14 ; elapsed = 00:00:06 . Memory (MB): peak = 838.258 ; gain = 165.156
update_compile_order -fileset sources_1
open_run synth_1 -name synth_1
Design is defaulting to impl run constrset: constrs_1
Design is defaulting to synth run part: xc7a100tcsg324-1
INFO: [Device 21-403] Loading part xc7a100tcsg324-1
INFO: [Project 1-479] Netlist was created with Vivado 2019.1
INFO: [Project 1-570] Preparing netlist for logic optimization
Parsing XDC File [C:/Users/kbastola1/Desktop/Display/Display.srcs/constrs_1/new/Display_constrain.xdc]
Finished Parsing XDC File [C:/Users/kbastola1/Desktop/Display/Display.srcs/constrs_1/new/Display_constrain.xdc]
INFO: [Opt 31-138] Pushed 0 inverter(s) to 0 load pin(s).
Netlist sorting complete. Time (s): cpu = 00:00:00 ; elapsed = 00:00:00.001 . Memory (MB): peak = 1182.219 ; gain = 0.000
INFO: [Project 1-111] Unisim Transformation Summary:
No Unisim elements were transformed.

open_run: Time (s): cpu = 00:00:19 ; elapsed = 00:00:12 . Memory (MB): peak = 1320.395 ; gain = 395.645
launch_simulation
INFO: [Vivado 12-5682] Launching behavioral simulation in 'C:/Users/kbastola1/Desktop/Display/Display.sim/sim_1/behav/xsim'
INFO: [SIM-utils-51] Simulation object is 'sim_1'
INFO: [SIM-utils-54] Inspecting design source files for 'Display_bench' in fileset 'sim_1'...
INFO: [USF-XSim-97] Finding global include files...
INFO: [USF-XSim-98] Fetching design files from 'sim_1'...
INFO: [USF-XSim-2] XSim::Compile design
INFO: [USF-XSim-61] Executing 'COMPILE and ANALYZE' step in 'C:/Users/kbastola1/Desktop/Display/Display.sim/sim_1/behav/xsim'
"xvhdl --incr --relax -prj Display_bench_vhdl.prj"
INFO: [USF-XSim-69] 'compile' step finished in '2' seconds
INFO: [USF-XSim-3] XSim::Elaborate design
INFO: [USF-XSim-61] Executing 'ELABORATE' step in 'C:/Users/kbastola1/Desktop/Display/Display.sim/sim_1/behav/xsim'
"xelab -wto 53e2176c4a584a8e87b28f61ad5eeb52 --incr --debug typical --relax --mt 2 -L xil_defaultlib -L secureip --snapshot Display_bench_behav xil_defaultlib.Display_bench -log elaborate.log"
Vivado Simulator 2019.1
Copyright 1986-1999, 2001-2019 Xilinx, Inc. All Rights Reserved.
Running: C:/Xilinx/Vivado/2019.1/bin/unwrapped/win64.o/xelab.exe -wto 53e2176c4a584a8e87b28f61ad5eeb52 --incr --debug typical --relax --mt 2 -L xil_defaultlib -L secureip --snapshot Display_bench_behav xil_defaultlib.Display_bench -log elaborate.log 
Using 2 slave threads.
Starting static elaboration
Completed static elaboration
INFO: [XSIM 43-4323] No Change in HDL. Linking previously generated obj files to create kernel
INFO: [USF-XSim-69] 'elaborate' step finished in '2' seconds
INFO: [USF-XSim-4] XSim::Simulate design
INFO: [USF-XSim-61] Executing 'SIMULATE' step in 'C:/Users/kbastola1/Desktop/Display/Display.sim/sim_1/behav/xsim'
INFO: [USF-XSim-98] *** Running xsim
   with args "Display_bench_behav -key {Behavioral:sim_1:Functional:Display_bench} -tclbatch {Display_bench.tcl} -log {simulate.log}"
INFO: [USF-XSim-8] Loading simulator feature
Vivado Simulator 2019.1
Time resolution is 1 ps
source Display_bench.tcl
# set curr_wave [current_wave_config]
# if { [string length $curr_wave] == 0 } {
#   if { [llength [get_objects]] > 0} {
#     add_wave /
#     set_property needs_save false [current_wave_config]
#   } else {
#      send_msg_id Add_Wave-1 WARNING "No top level signals found. Simulator will start without a wave window. If you want to open a wave window go to 'File->New Waveform Configuration' or type 'create_wave_config' in the TCL console."
#   }
# }
# run 1000ns
INFO: [USF-XSim-96] XSim completed. Design snapshot 'Display_bench_behav' loaded.
INFO: [USF-XSim-97] XSim simulation ran for 1000ns
launch_simulation: Time (s): cpu = 00:00:06 ; elapsed = 00:00:07 . Memory (MB): peak = 1878.348 ; gain = 29.879
close_sim
INFO: [Simtcl 6-16] Simulation closed
close_sim: Time (s): cpu = 00:00:02 ; elapsed = 00:00:07 . Memory (MB): peak = 1888.152 ; gain = 7.648
exit
INFO: [Common 17-206] Exiting Vivado at Thu Mar  2 17:24:59 2023...
