
*** Running vivado
    with args -log SmileyFace.vds -m64 -product Vivado -mode batch -messageDb vivado.pb -notrace -source SmileyFace.tcl


****** Vivado v2019.1 (64-bit)
  **** SW Build 2552052 on Fri May 24 14:49:42 MDT 2019
  **** IP Build 2548770 on Fri May 24 18:01:18 MDT 2019
    ** Copyright 1986-2019 Xilinx, Inc. All Rights Reserved.

source SmileyFace.tcl -notrace
Command: synth_design -top SmileyFace -part xc7a100tcsg324-1
Starting synth_design
Attempting to get a license for feature 'Synthesis' and/or device 'xc7a100t'
INFO: [Common 17-349] Got license for feature 'Synthesis' and/or device 'xc7a100t'
INFO: [Device 21-403] Loading part xc7a100tcsg324-1
INFO: Launching helper process for spawning children vivado processes
INFO: Helper process launched with PID 18868 
---------------------------------------------------------------------------------
Starting RTL Elaboration : Time (s): cpu = 00:00:03 ; elapsed = 00:00:03 . Memory (MB): peak = 810.039 ; gain = 177.207
---------------------------------------------------------------------------------
INFO: [Synth 8-638] synthesizing module 'SmileyFace' [C:/Users/kbastola1/Desktop/Smiley_Face_Display/Smiley_Face_Display.srcs/sources_1/new/SmileyFace.vhd:39]
INFO: [Synth 8-3491] module 'FrequencyDivider' declared at 'C:/Users/kbastola1/Desktop/Smiley_Face_Display/Smiley_Face_Display.srcs/sources_1/imports/new/FrequencyDivider.vhd:35' bound to instance 'ff0' of component 'FrequencyDivider' [C:/Users/kbastola1/Desktop/Smiley_Face_Display/Smiley_Face_Display.srcs/sources_1/new/SmileyFace.vhd:52]
INFO: [Synth 8-638] synthesizing module 'FrequencyDivider' [C:/Users/kbastola1/Desktop/Smiley_Face_Display/Smiley_Face_Display.srcs/sources_1/imports/new/FrequencyDivider.vhd:40]
INFO: [Synth 8-256] done synthesizing module 'FrequencyDivider' (1#1) [C:/Users/kbastola1/Desktop/Smiley_Face_Display/Smiley_Face_Display.srcs/sources_1/imports/new/FrequencyDivider.vhd:40]
INFO: [Synth 8-256] done synthesizing module 'SmileyFace' (2#1) [C:/Users/kbastola1/Desktop/Smiley_Face_Display/Smiley_Face_Display.srcs/sources_1/new/SmileyFace.vhd:39]
WARNING: [Synth 8-3917] design SmileyFace has port Cathode_7SD[7] driven by constant 1
WARNING: [Synth 8-3917] design SmileyFace has port Cathode_7SD[6] driven by constant 1
WARNING: [Synth 8-3917] design SmileyFace has port Cathode_7SD[5] driven by constant 1
WARNING: [Synth 8-3917] design SmileyFace has port Cathode_7SD[4] driven by constant 1
WARNING: [Synth 8-3917] design SmileyFace has port Cathode_7SD[3] driven by constant 1
WARNING: [Synth 8-3917] design SmileyFace has port Cathode_7SD[2] driven by constant 1
WARNING: [Synth 8-3917] design SmileyFace has port Cathode_7SD[1] driven by constant 0
WARNING: [Synth 8-3917] design SmileyFace has port Cathode_7SD[0] driven by constant 1
WARNING: [Synth 8-3917] design SmileyFace has port Anode_7SD[7] driven by constant 1
WARNING: [Synth 8-3917] design SmileyFace has port Anode_7SD[6] driven by constant 1
WARNING: [Synth 8-3917] design SmileyFace has port Anode_7SD[5] driven by constant 1
WARNING: [Synth 8-3917] design SmileyFace has port Anode_7SD[4] driven by constant 1
---------------------------------------------------------------------------------
Finished RTL Elaboration : Time (s): cpu = 00:00:04 ; elapsed = 00:00:04 . Memory (MB): peak = 873.383 ; gain = 240.551
---------------------------------------------------------------------------------

Report Check Netlist: 
+------+------------------+-------+---------+-------+------------------+
|      |Item              |Errors |Warnings |Status |Description       |
+------+------------------+-------+---------+-------+------------------+
|1     |multi_driven_nets |      0|        0|Passed |Multi driven nets |
+------+------------------+-------+---------+-------+------------------+
---------------------------------------------------------------------------------
Start Handling Custom Attributes
---------------------------------------------------------------------------------
---------------------------------------------------------------------------------
Finished Handling Custom Attributes : Time (s): cpu = 00:00:04 ; elapsed = 00:00:04 . Memory (MB): peak = 873.383 ; gain = 240.551
---------------------------------------------------------------------------------
---------------------------------------------------------------------------------
Finished RTL Optimization Phase 1 : Time (s): cpu = 00:00:04 ; elapsed = 00:00:04 . Memory (MB): peak = 873.383 ; gain = 240.551
---------------------------------------------------------------------------------
INFO: [Project 1-570] Preparing netlist for logic optimization

Processing XDC Constraints
Initializing timing engine
Parsing XDC File [C:/Users/kbastola1/Desktop/Smiley_Face_Display/Smiley_Face_Display.srcs/constrs_1/new/smiley_constrain.xdc]
Finished Parsing XDC File [C:/Users/kbastola1/Desktop/Smiley_Face_Display/Smiley_Face_Display.srcs/constrs_1/new/smiley_constrain.xdc]
INFO: [Project 1-236] Implementation specific constraints were found while reading constraint file [C:/Users/kbastola1/Desktop/Smiley_Face_Display/Smiley_Face_Display.srcs/constrs_1/new/smiley_constrain.xdc]. These constraints will be ignored for synthesis but will be used in implementation. Impacted constraints are listed in the file [.Xil/SmileyFace_propImpl.xdc].
Resolution: To avoid this warning, move constraints listed in [.Xil/SmileyFace_propImpl.xdc] to another XDC file and exclude this new file from synthesis with the used_in_synthesis property (File Properties dialog in GUI) and re-run elaboration/synthesis.
Completed Processing XDC Constraints

Netlist sorting complete. Time (s): cpu = 00:00:00 ; elapsed = 00:00:00 . Memory (MB): peak = 966.059 ; gain = 0.000
INFO: [Project 1-111] Unisim Transformation Summary:
No Unisim elements were transformed.

Constraint Validation Runtime : Time (s): cpu = 00:00:00 ; elapsed = 00:00:00.002 . Memory (MB): peak = 966.059 ; gain = 0.000
---------------------------------------------------------------------------------
Finished Constraint Validation : Time (s): cpu = 00:00:09 ; elapsed = 00:00:09 . Memory (MB): peak = 966.059 ; gain = 333.227
---------------------------------------------------------------------------------
---------------------------------------------------------------------------------
Start Loading Part and Timing Information
---------------------------------------------------------------------------------
Loading part: xc7a100tcsg324-1
---------------------------------------------------------------------------------
Finished Loading Part and Timing Information : Time (s): cpu = 00:00:09 ; elapsed = 00:00:09 . Memory (MB): peak = 966.059 ; gain = 333.227
---------------------------------------------------------------------------------
---------------------------------------------------------------------------------
Start Applying 'set_property' XDC Constraints
---------------------------------------------------------------------------------
---------------------------------------------------------------------------------
Finished applying 'set_property' XDC Constraints : Time (s): cpu = 00:00:09 ; elapsed = 00:00:10 . Memory (MB): peak = 966.059 ; gain = 333.227
---------------------------------------------------------------------------------
INFO: [Synth 8-4471] merging register 'sClock_1Hz_reg' into 'Clock_1Hz_reg' [C:/Users/kbastola1/Desktop/Smiley_Face_Display/Smiley_Face_Display.srcs/sources_1/imports/new/FrequencyDivider.vhd:53]
INFO: [Synth 8-802] inferred FSM for state register 'presentState_reg' in module 'SmileyFace'
---------------------------------------------------------------------------------
Finished RTL Optimization Phase 2 : Time (s): cpu = 00:00:09 ; elapsed = 00:00:10 . Memory (MB): peak = 966.059 ; gain = 333.227
---------------------------------------------------------------------------------

Report RTL Partitions: 
+-+--------------+------------+----------+
| |RTL Partition |Replication |Instances |
+-+--------------+------------+----------+
+-+--------------+------------+----------+
---------------------------------------------------------------------------------
Start RTL Component Statistics 
---------------------------------------------------------------------------------
Detailed RTL Component Info : 
+---Adders : 
	   2 Input     32 Bit       Adders := 1     
+---Registers : 
	               32 Bit    Registers := 1     
	                6 Bit    Registers := 1     
	                1 Bit    Registers := 1     
+---Muxes : 
	   2 Input     32 Bit        Muxes := 1     
	   8 Input      6 Bit        Muxes := 1     
	   8 Input      3 Bit        Muxes := 1     
---------------------------------------------------------------------------------
Finished RTL Component Statistics 
---------------------------------------------------------------------------------
---------------------------------------------------------------------------------
Start RTL Hierarchical Component Statistics 
---------------------------------------------------------------------------------
Hierarchical RTL Component report 
Module SmileyFace 
Detailed RTL Component Info : 
+---Registers : 
	                6 Bit    Registers := 1     
+---Muxes : 
	   8 Input      6 Bit        Muxes := 1     
	   8 Input      3 Bit        Muxes := 1     
Module FrequencyDivider 
Detailed RTL Component Info : 
+---Adders : 
	   2 Input     32 Bit       Adders := 1     
+---Registers : 
	               32 Bit    Registers := 1     
	                1 Bit    Registers := 1     
+---Muxes : 
	   2 Input     32 Bit        Muxes := 1     
---------------------------------------------------------------------------------
Finished RTL Hierarchical Component Statistics
---------------------------------------------------------------------------------
---------------------------------------------------------------------------------
Start Part Resource Summary
---------------------------------------------------------------------------------
Part Resources:
DSPs: 240 (col length:80)
BRAMs: 270 (col length: RAMB18 80 RAMB36 40)
---------------------------------------------------------------------------------
Finished Part Resource Summary
---------------------------------------------------------------------------------
---------------------------------------------------------------------------------
Start Cross Boundary and Area Optimization
---------------------------------------------------------------------------------
Warning: Parallel synthesis criteria is not met 
INFO: [Synth 8-5587] ROM size for "p_0_out" is below threshold of ROM address width. It will be mapped to LUTs
WARNING: [Synth 8-3917] design SmileyFace has port Cathode_7SD[7] driven by constant 1
WARNING: [Synth 8-3917] design SmileyFace has port Cathode_7SD[6] driven by constant 1
WARNING: [Synth 8-3917] design SmileyFace has port Cathode_7SD[5] driven by constant 1
WARNING: [Synth 8-3917] design SmileyFace has port Cathode_7SD[4] driven by constant 1
WARNING: [Synth 8-3917] design SmileyFace has port Cathode_7SD[3] driven by constant 1
WARNING: [Synth 8-3917] design SmileyFace has port Cathode_7SD[2] driven by constant 1
WARNING: [Synth 8-3917] design SmileyFace has port Cathode_7SD[1] driven by constant 0
WARNING: [Synth 8-3917] design SmileyFace has port Cathode_7SD[0] driven by constant 1
WARNING: [Synth 8-3917] design SmileyFace has port Anode_7SD[7] driven by constant 1
WARNING: [Synth 8-3917] design SmileyFace has port Anode_7SD[6] driven by constant 1
WARNING: [Synth 8-3917] design SmileyFace has port Anode_7SD[5] driven by constant 1
WARNING: [Synth 8-3917] design SmileyFace has port Anode_7SD[4] driven by constant 1
INFO: [Synth 8-3886] merging instance 'presentState_reg[0]' (FD) to 'presentState_reg[3]'
INFO: [Synth 8-3886] merging instance 'presentState_reg[1]' (FD) to 'presentState_reg[2]'
---------------------------------------------------------------------------------
Finished Cross Boundary and Area Optimization : Time (s): cpu = 00:00:10 ; elapsed = 00:00:11 . Memory (MB): peak = 966.059 ; gain = 333.227
---------------------------------------------------------------------------------

Report RTL Partitions: 
+-+--------------+------------+----------+
| |RTL Partition |Replication |Instances |
+-+--------------+------------+----------+
+-+--------------+------------+----------+
---------------------------------------------------------------------------------
Start Applying XDC Timing Constraints
---------------------------------------------------------------------------------
---------------------------------------------------------------------------------
Finished Applying XDC Timing Constraints : Time (s): cpu = 00:00:17 ; elapsed = 00:00:18 . Memory (MB): peak = 967.680 ; gain = 334.848
---------------------------------------------------------------------------------
---------------------------------------------------------------------------------
Start Timing Optimization
---------------------------------------------------------------------------------
---------------------------------------------------------------------------------
Finished Timing Optimization : Time (s): cpu = 00:00:17 ; elapsed = 00:00:18 . Memory (MB): peak = 967.680 ; gain = 334.848
---------------------------------------------------------------------------------

Report RTL Partitions: 
+-+--------------+------------+----------+
| |RTL Partition |Replication |Instances |
+-+--------------+------------+----------+
+-+--------------+------------+----------+
---------------------------------------------------------------------------------
Start Technology Mapping
---------------------------------------------------------------------------------
---------------------------------------------------------------------------------
Finished Technology Mapping : Time (s): cpu = 00:00:17 ; elapsed = 00:00:18 . Memory (MB): peak = 977.980 ; gain = 345.148
---------------------------------------------------------------------------------

Report RTL Partitions: 
+-+--------------+------------+----------+
| |RTL Partition |Replication |Instances |
+-+--------------+------------+----------+
+-+--------------+------------+----------+
---------------------------------------------------------------------------------
Start IO Insertion
---------------------------------------------------------------------------------
---------------------------------------------------------------------------------
Start Flattening Before IO Insertion
---------------------------------------------------------------------------------
---------------------------------------------------------------------------------
Finished Flattening Before IO Insertion
---------------------------------------------------------------------------------
---------------------------------------------------------------------------------
Start Final Netlist Cleanup
---------------------------------------------------------------------------------
---------------------------------------------------------------------------------
Finished Final Netlist Cleanup
---------------------------------------------------------------------------------
---------------------------------------------------------------------------------
Finished IO Insertion : Time (s): cpu = 00:00:19 ; elapsed = 00:00:20 . Memory (MB): peak = 992.785 ; gain = 359.953
---------------------------------------------------------------------------------

Report Check Netlist: 
+------+------------------+-------+---------+-------+------------------+
|      |Item              |Errors |Warnings |Status |Description       |
+------+------------------+-------+---------+-------+------------------+
|1     |multi_driven_nets |      0|        0|Passed |Multi driven nets |
+------+------------------+-------+---------+-------+------------------+
---------------------------------------------------------------------------------
Start Renaming Generated Instances
---------------------------------------------------------------------------------
---------------------------------------------------------------------------------
Finished Renaming Generated Instances : Time (s): cpu = 00:00:19 ; elapsed = 00:00:20 . Memory (MB): peak = 992.785 ; gain = 359.953
---------------------------------------------------------------------------------

Report RTL Partitions: 
+-+--------------+------------+----------+
| |RTL Partition |Replication |Instances |
+-+--------------+------------+----------+
+-+--------------+------------+----------+
---------------------------------------------------------------------------------
Start Rebuilding User Hierarchy
---------------------------------------------------------------------------------
---------------------------------------------------------------------------------
Finished Rebuilding User Hierarchy : Time (s): cpu = 00:00:19 ; elapsed = 00:00:20 . Memory (MB): peak = 992.785 ; gain = 359.953
---------------------------------------------------------------------------------
---------------------------------------------------------------------------------
Start Renaming Generated Ports
---------------------------------------------------------------------------------
---------------------------------------------------------------------------------
Finished Renaming Generated Ports : Time (s): cpu = 00:00:19 ; elapsed = 00:00:20 . Memory (MB): peak = 992.785 ; gain = 359.953
---------------------------------------------------------------------------------
---------------------------------------------------------------------------------
Start Handling Custom Attributes
---------------------------------------------------------------------------------
---------------------------------------------------------------------------------
Finished Handling Custom Attributes : Time (s): cpu = 00:00:19 ; elapsed = 00:00:20 . Memory (MB): peak = 992.785 ; gain = 359.953
---------------------------------------------------------------------------------
---------------------------------------------------------------------------------
Start Renaming Generated Nets
---------------------------------------------------------------------------------
---------------------------------------------------------------------------------
Finished Renaming Generated Nets : Time (s): cpu = 00:00:19 ; elapsed = 00:00:20 . Memory (MB): peak = 992.785 ; gain = 359.953
---------------------------------------------------------------------------------
---------------------------------------------------------------------------------
Start Writing Synthesis Report
---------------------------------------------------------------------------------

Report BlackBoxes: 
+-+--------------+----------+
| |BlackBox name |Instances |
+-+--------------+----------+
+-+--------------+----------+

Report Cell Usage: 
+------+-------+------+
|      |Cell   |Count |
+------+-------+------+
|1     |BUFG   |     1|
|2     |CARRY4 |     8|
|3     |LUT1   |     3|
|4     |LUT4   |     9|
|5     |LUT5   |     5|
|6     |FDRE   |    37|
|7     |IBUF   |     1|
|8     |OBUF   |    16|
+------+-------+------+

Report Instance Areas: 
+------+---------+-----------------+------+
|      |Instance |Module           |Cells |
+------+---------+-----------------+------+
|1     |top      |                 |    80|
|2     |  ff0    |FrequencyDivider |    52|
+------+---------+-----------------+------+
---------------------------------------------------------------------------------
Finished Writing Synthesis Report : Time (s): cpu = 00:00:19 ; elapsed = 00:00:20 . Memory (MB): peak = 992.785 ; gain = 359.953
---------------------------------------------------------------------------------
Synthesis finished with 0 errors, 0 critical warnings and 12 warnings.
Synthesis Optimization Runtime : Time (s): cpu = 00:00:13 ; elapsed = 00:00:18 . Memory (MB): peak = 992.785 ; gain = 267.277
Synthesis Optimization Complete : Time (s): cpu = 00:00:19 ; elapsed = 00:00:20 . Memory (MB): peak = 992.785 ; gain = 359.953
INFO: [Project 1-571] Translating synthesized netlist
INFO: [Netlist 29-17] Analyzing 8 Unisim elements for replacement
INFO: [Netlist 29-28] Unisim Transformation completed in 0 CPU seconds
INFO: [Project 1-570] Preparing netlist for logic optimization
INFO: [Opt 31-138] Pushed 0 inverter(s) to 0 load pin(s).
Netlist sorting complete. Time (s): cpu = 00:00:00 ; elapsed = 00:00:00 . Memory (MB): peak = 1010.563 ; gain = 0.000
INFO: [Project 1-111] Unisim Transformation Summary:
No Unisim elements were transformed.

INFO: [Common 17-83] Releasing license: Synthesis
22 Infos, 24 Warnings, 0 Critical Warnings and 0 Errors encountered.
synth_design completed successfully
synth_design: Time (s): cpu = 00:00:25 ; elapsed = 00:00:26 . Memory (MB): peak = 1010.563 ; gain = 655.582
Netlist sorting complete. Time (s): cpu = 00:00:00 ; elapsed = 00:00:00 . Memory (MB): peak = 1010.563 ; gain = 0.000
WARNING: [Constraints 18-5210] No constraints selected for write.
Resolution: This message can indicate that there are no constraints for the design, or it can indicate that the used_in flags are set such that the constraints are ignored. This later case is used when running synth_design to not write synthesis constraints to the resulting checkpoint. Instead, project constraints are read when the synthesized design is opened.
INFO: [Common 17-1381] The checkpoint 'C:/Users/kbastola1/Desktop/Smiley_Face_Display/Smiley_Face_Display.runs/synth_1/SmileyFace.dcp' has been generated.
INFO: [runtcl-4] Executing : report_utilization -file SmileyFace_utilization_synth.rpt -pb SmileyFace_utilization_synth.pb
INFO: [Common 17-206] Exiting Vivado at Thu Apr  6 16:16:50 2023...
