#-----------------------------------------------------------
# Vivado v2019.1 (64-bit)
# SW Build 2552052 on Fri May 24 14:49:42 MDT 2019
# IP Build 2548770 on Fri May 24 18:01:18 MDT 2019
# Start of session at: Tue Mar 28 15:56:05 2023
# Process ID: 1228
# Current directory: C:/Users/kbastola1/Desktop/Robot_Eye_Sequence
# Command line: vivado.exe -gui_launcher_event rodinguilauncherevent16604 C:\Users\kbastola1\Desktop\Robot_Eye_Sequence\Robot_Eye_Sequence.xpr
# Log file: C:/Users/kbastola1/Desktop/Robot_Eye_Sequence/vivado.log
# Journal file: C:/Users/kbastola1/Desktop/Robot_Eye_Sequence\vivado.jou
#-----------------------------------------------------------
start_gui
open_project C:/Users/kbastola1/Desktop/Robot_Eye_Sequence/Robot_Eye_Sequence.xpr
Scanning sources...
Finished scanning sources
INFO: [IP_Flow 19-234] Refreshing IP repositories
INFO: [IP_Flow 19-1704] No user IP repositories specified
INFO: [IP_Flow 19-2313] Loaded Vivado IP repository 'C:/Xilinx/Vivado/2019.1/data/ip'.
open_project: Time (s): cpu = 00:00:13 ; elapsed = 00:00:05 . Memory (MB): peak = 815.316 ; gain = 138.703
update_compile_order -fileset sources_1
exit
INFO: [Common 17-206] Exiting Vivado at Tue Mar 28 15:56:28 2023...
