
*** Running vivado
    with args -log Lab3.vds -m64 -product Vivado -mode batch -messageDb vivado.pb -notrace -source Lab3.tcl


****** Vivado v2019.1 (64-bit)
  **** SW Build 2552052 on Fri May 24 14:49:42 MDT 2019
  **** IP Build 2548770 on Fri May 24 18:01:18 MDT 2019
    ** Copyright 1986-2019 Xilinx, Inc. All Rights Reserved.

source Lab3.tcl -notrace
Command: synth_design -top Lab3 -part xc7a100tcsg324-1
Starting synth_design
Attempting to get a license for feature 'Synthesis' and/or device 'xc7a100t'
INFO: [Common 17-349] Got license for feature 'Synthesis' and/or device 'xc7a100t'
INFO: [Device 21-403] Loading part xc7a100tcsg324-1
INFO: Launching helper process for spawning children vivado processes
INFO: Helper process launched with PID 20672 
---------------------------------------------------------------------------------
Starting RTL Elaboration : Time (s): cpu = 00:00:04 ; elapsed = 00:00:04 . Memory (MB): peak = 809.770 ; gain = 178.234
---------------------------------------------------------------------------------
INFO: [Synth 8-638] synthesizing module 'Lab3' [C:/Users/kbastola1/Desktop/Lab3/Lab3.srcs/sources_1/new/Lab3.vhd:41]
INFO: [Synth 8-3491] module 'Gates' declared at 'C:/Users/kbastola1/Desktop/Lab3/Lab3.srcs/sources_1/imports/Desktop/Gates/Gates.srcs/sources_1/new/Gates.vhd:34' bound to instance 'fa0' of component 'Gates' [C:/Users/kbastola1/Desktop/Lab3/Lab3.srcs/sources_1/new/Lab3.vhd:66]
INFO: [Synth 8-638] synthesizing module 'Gates' [C:/Users/kbastola1/Desktop/Lab3/Lab3.srcs/sources_1/imports/Desktop/Gates/Gates.srcs/sources_1/new/Gates.vhd:39]
INFO: [Synth 8-256] done synthesizing module 'Gates' (1#1) [C:/Users/kbastola1/Desktop/Lab3/Lab3.srcs/sources_1/imports/Desktop/Gates/Gates.srcs/sources_1/new/Gates.vhd:39]
INFO: [Synth 8-3491] module 'Multiplexer' declared at 'C:/Users/kbastola1/Desktop/Lab3/Lab3.srcs/sources_1/imports/new/Multiplexer.vhd:34' bound to instance 'fa1' of component 'Multiplexer' [C:/Users/kbastola1/Desktop/Lab3/Lab3.srcs/sources_1/new/Lab3.vhd:67]
INFO: [Synth 8-638] synthesizing module 'Multiplexer' [C:/Users/kbastola1/Desktop/Lab3/Lab3.srcs/sources_1/imports/new/Multiplexer.vhd:40]
INFO: [Synth 8-256] done synthesizing module 'Multiplexer' (2#1) [C:/Users/kbastola1/Desktop/Lab3/Lab3.srcs/sources_1/imports/new/Multiplexer.vhd:40]
INFO: [Synth 8-3491] module 'Display' declared at 'C:/Users/kbastola1/Desktop/Lab3/Lab3.srcs/sources_1/imports/Desktop/Display/Display.srcs/sources_1/new/Display.vhd:34' bound to instance 'fa2' of component 'Display' [C:/Users/kbastola1/Desktop/Lab3/Lab3.srcs/sources_1/new/Lab3.vhd:68]
INFO: [Synth 8-638] synthesizing module 'Display' [C:/Users/kbastola1/Desktop/Lab3/Lab3.srcs/sources_1/imports/Desktop/Display/Display.srcs/sources_1/new/Display.vhd:39]
INFO: [Synth 8-256] done synthesizing module 'Display' (3#1) [C:/Users/kbastola1/Desktop/Lab3/Lab3.srcs/sources_1/imports/Desktop/Display/Display.srcs/sources_1/new/Display.vhd:39]
INFO: [Synth 8-256] done synthesizing module 'Lab3' (4#1) [C:/Users/kbastola1/Desktop/Lab3/Lab3.srcs/sources_1/new/Lab3.vhd:41]
---------------------------------------------------------------------------------
Finished RTL Elaboration : Time (s): cpu = 00:00:05 ; elapsed = 00:00:05 . Memory (MB): peak = 872.938 ; gain = 241.402
---------------------------------------------------------------------------------

Report Check Netlist: 
+------+------------------+-------+---------+-------+------------------+
|      |Item              |Errors |Warnings |Status |Description       |
+------+------------------+-------+---------+-------+------------------+
|1     |multi_driven_nets |      0|        0|Passed |Multi driven nets |
+------+------------------+-------+---------+-------+------------------+
---------------------------------------------------------------------------------
Start Handling Custom Attributes
---------------------------------------------------------------------------------
---------------------------------------------------------------------------------
Finished Handling Custom Attributes : Time (s): cpu = 00:00:05 ; elapsed = 00:00:05 . Memory (MB): peak = 872.938 ; gain = 241.402
---------------------------------------------------------------------------------
---------------------------------------------------------------------------------
Finished RTL Optimization Phase 1 : Time (s): cpu = 00:00:05 ; elapsed = 00:00:05 . Memory (MB): peak = 872.938 ; gain = 241.402
---------------------------------------------------------------------------------
INFO: [Project 1-570] Preparing netlist for logic optimization

Processing XDC Constraints
Initializing timing engine
Parsing XDC File [C:/Users/kbastola1/Desktop/Lab3/Lab3.srcs/constrs_1/new/Lab3_constrain.xdc]
Finished Parsing XDC File [C:/Users/kbastola1/Desktop/Lab3/Lab3.srcs/constrs_1/new/Lab3_constrain.xdc]
INFO: [Project 1-236] Implementation specific constraints were found while reading constraint file [C:/Users/kbastola1/Desktop/Lab3/Lab3.srcs/constrs_1/new/Lab3_constrain.xdc]. These constraints will be ignored for synthesis but will be used in implementation. Impacted constraints are listed in the file [.Xil/Lab3_propImpl.xdc].
Resolution: To avoid this warning, move constraints listed in [.Xil/Lab3_propImpl.xdc] to another XDC file and exclude this new file from synthesis with the used_in_synthesis property (File Properties dialog in GUI) and re-run elaboration/synthesis.
Completed Processing XDC Constraints

Netlist sorting complete. Time (s): cpu = 00:00:00 ; elapsed = 00:00:00 . Memory (MB): peak = 952.902 ; gain = 0.000
INFO: [Project 1-111] Unisim Transformation Summary:
No Unisim elements were transformed.

Constraint Validation Runtime : Time (s): cpu = 00:00:00 ; elapsed = 00:00:00.002 . Memory (MB): peak = 952.902 ; gain = 0.000
---------------------------------------------------------------------------------
Finished Constraint Validation : Time (s): cpu = 00:00:10 ; elapsed = 00:00:10 . Memory (MB): peak = 952.902 ; gain = 321.367
---------------------------------------------------------------------------------
---------------------------------------------------------------------------------
Start Loading Part and Timing Information
---------------------------------------------------------------------------------
Loading part: xc7a100tcsg324-1
---------------------------------------------------------------------------------
Finished Loading Part and Timing Information : Time (s): cpu = 00:00:10 ; elapsed = 00:00:10 . Memory (MB): peak = 952.902 ; gain = 321.367
---------------------------------------------------------------------------------
---------------------------------------------------------------------------------
Start Applying 'set_property' XDC Constraints
---------------------------------------------------------------------------------
---------------------------------------------------------------------------------
Finished applying 'set_property' XDC Constraints : Time (s): cpu = 00:00:10 ; elapsed = 00:00:10 . Memory (MB): peak = 952.902 ; gain = 321.367
---------------------------------------------------------------------------------
---------------------------------------------------------------------------------
Finished RTL Optimization Phase 2 : Time (s): cpu = 00:00:10 ; elapsed = 00:00:11 . Memory (MB): peak = 952.902 ; gain = 321.367
---------------------------------------------------------------------------------

Report RTL Partitions: 
+-+--------------+------------+----------+
| |RTL Partition |Replication |Instances |
+-+--------------+------------+----------+
+-+--------------+------------+----------+
---------------------------------------------------------------------------------
Start RTL Component Statistics 
---------------------------------------------------------------------------------
Detailed RTL Component Info : 
+---XORs : 
	   2 Input      1 Bit         XORs := 1     
+---Muxes : 
	   2 Input      8 Bit        Muxes := 1     
---------------------------------------------------------------------------------
Finished RTL Component Statistics 
---------------------------------------------------------------------------------
---------------------------------------------------------------------------------
Start RTL Hierarchical Component Statistics 
---------------------------------------------------------------------------------
Hierarchical RTL Component report 
Module Gates 
Detailed RTL Component Info : 
+---XORs : 
	   2 Input      1 Bit         XORs := 1     
Module Display 
Detailed RTL Component Info : 
+---Muxes : 
	   2 Input      8 Bit        Muxes := 1     
---------------------------------------------------------------------------------
Finished RTL Hierarchical Component Statistics
---------------------------------------------------------------------------------
---------------------------------------------------------------------------------
Start Part Resource Summary
---------------------------------------------------------------------------------
Part Resources:
DSPs: 240 (col length:80)
BRAMs: 270 (col length: RAMB18 80 RAMB36 40)
---------------------------------------------------------------------------------
Finished Part Resource Summary
---------------------------------------------------------------------------------
---------------------------------------------------------------------------------
Start Cross Boundary and Area Optimization
---------------------------------------------------------------------------------
Warning: Parallel synthesis criteria is not met 
WARNING: [Synth 8-3917] design Lab3 has port Cathodes_7SD[7] driven by constant 1
WARNING: [Synth 8-3917] design Lab3 has port Cathodes_7SD[3] driven by constant 0
WARNING: [Synth 8-3917] design Lab3 has port Cathodes_7SD[2] driven by constant 0
WARNING: [Synth 8-3917] design Lab3 has port Cathodes_7SD[0] driven by constant 1
WARNING: [Synth 8-3917] design Lab3 has port Anodes_7SD[7] driven by constant 1
WARNING: [Synth 8-3917] design Lab3 has port Anodes_7SD[6] driven by constant 1
WARNING: [Synth 8-3917] design Lab3 has port Anodes_7SD[5] driven by constant 1
WARNING: [Synth 8-3917] design Lab3 has port Anodes_7SD[4] driven by constant 1
WARNING: [Synth 8-3917] design Lab3 has port Anodes_7SD[3] driven by constant 1
WARNING: [Synth 8-3917] design Lab3 has port Anodes_7SD[2] driven by constant 1
WARNING: [Synth 8-3917] design Lab3 has port Anodes_7SD[1] driven by constant 1
WARNING: [Synth 8-3917] design Lab3 has port Anodes_7SD[0] driven by constant 0
---------------------------------------------------------------------------------
Finished Cross Boundary and Area Optimization : Time (s): cpu = 00:00:11 ; elapsed = 00:00:12 . Memory (MB): peak = 952.902 ; gain = 321.367
---------------------------------------------------------------------------------

Report RTL Partitions: 
+-+--------------+------------+----------+
| |RTL Partition |Replication |Instances |
+-+--------------+------------+----------+
+-+--------------+------------+----------+
---------------------------------------------------------------------------------
Start Applying XDC Timing Constraints
---------------------------------------------------------------------------------
---------------------------------------------------------------------------------
Finished Applying XDC Timing Constraints : Time (s): cpu = 00:00:18 ; elapsed = 00:00:18 . Memory (MB): peak = 965.539 ; gain = 334.004
---------------------------------------------------------------------------------
---------------------------------------------------------------------------------
Start Timing Optimization
---------------------------------------------------------------------------------
---------------------------------------------------------------------------------
Finished Timing Optimization : Time (s): cpu = 00:00:18 ; elapsed = 00:00:18 . Memory (MB): peak = 965.539 ; gain = 334.004
---------------------------------------------------------------------------------

Report RTL Partitions: 
+-+--------------+------------+----------+
| |RTL Partition |Replication |Instances |
+-+--------------+------------+----------+
+-+--------------+------------+----------+
---------------------------------------------------------------------------------
Start Technology Mapping
---------------------------------------------------------------------------------
---------------------------------------------------------------------------------
Finished Technology Mapping : Time (s): cpu = 00:00:18 ; elapsed = 00:00:18 . Memory (MB): peak = 975.070 ; gain = 343.535
---------------------------------------------------------------------------------

Report RTL Partitions: 
+-+--------------+------------+----------+
| |RTL Partition |Replication |Instances |
+-+--------------+------------+----------+
+-+--------------+------------+----------+
---------------------------------------------------------------------------------
Start IO Insertion
---------------------------------------------------------------------------------
---------------------------------------------------------------------------------
Start Flattening Before IO Insertion
---------------------------------------------------------------------------------
---------------------------------------------------------------------------------
Finished Flattening Before IO Insertion
---------------------------------------------------------------------------------
---------------------------------------------------------------------------------
Start Final Netlist Cleanup
---------------------------------------------------------------------------------
---------------------------------------------------------------------------------
Finished Final Netlist Cleanup
---------------------------------------------------------------------------------
---------------------------------------------------------------------------------
Finished IO Insertion : Time (s): cpu = 00:00:20 ; elapsed = 00:00:20 . Memory (MB): peak = 990.883 ; gain = 359.348
---------------------------------------------------------------------------------

Report Check Netlist: 
+------+------------------+-------+---------+-------+------------------+
|      |Item              |Errors |Warnings |Status |Description       |
+------+------------------+-------+---------+-------+------------------+
|1     |multi_driven_nets |      0|        0|Passed |Multi driven nets |
+------+------------------+-------+---------+-------+------------------+
---------------------------------------------------------------------------------
Start Renaming Generated Instances
---------------------------------------------------------------------------------
---------------------------------------------------------------------------------
Finished Renaming Generated Instances : Time (s): cpu = 00:00:20 ; elapsed = 00:00:20 . Memory (MB): peak = 990.883 ; gain = 359.348
---------------------------------------------------------------------------------

Report RTL Partitions: 
+-+--------------+------------+----------+
| |RTL Partition |Replication |Instances |
+-+--------------+------------+----------+
+-+--------------+------------+----------+
---------------------------------------------------------------------------------
Start Rebuilding User Hierarchy
---------------------------------------------------------------------------------
---------------------------------------------------------------------------------
Finished Rebuilding User Hierarchy : Time (s): cpu = 00:00:20 ; elapsed = 00:00:20 . Memory (MB): peak = 990.883 ; gain = 359.348
---------------------------------------------------------------------------------
---------------------------------------------------------------------------------
Start Renaming Generated Ports
---------------------------------------------------------------------------------
---------------------------------------------------------------------------------
Finished Renaming Generated Ports : Time (s): cpu = 00:00:20 ; elapsed = 00:00:20 . Memory (MB): peak = 990.883 ; gain = 359.348
---------------------------------------------------------------------------------
---------------------------------------------------------------------------------
Start Handling Custom Attributes
---------------------------------------------------------------------------------
---------------------------------------------------------------------------------
Finished Handling Custom Attributes : Time (s): cpu = 00:00:20 ; elapsed = 00:00:20 . Memory (MB): peak = 990.883 ; gain = 359.348
---------------------------------------------------------------------------------
---------------------------------------------------------------------------------
Start Renaming Generated Nets
---------------------------------------------------------------------------------
---------------------------------------------------------------------------------
Finished Renaming Generated Nets : Time (s): cpu = 00:00:20 ; elapsed = 00:00:20 . Memory (MB): peak = 990.883 ; gain = 359.348
---------------------------------------------------------------------------------
---------------------------------------------------------------------------------
Start Writing Synthesis Report
---------------------------------------------------------------------------------

Report BlackBoxes: 
+-+--------------+----------+
| |BlackBox name |Instances |
+-+--------------+----------+
+-+--------------+----------+

Report Cell Usage: 
+------+-----+------+
|      |Cell |Count |
+------+-----+------+
|1     |LUT5 |     2|
|2     |IBUF |     5|
|3     |OBUF |    17|
+------+-----+------+

Report Instance Areas: 
+------+---------+-------+------+
|      |Instance |Module |Cells |
+------+---------+-------+------+
|1     |top      |       |    24|
+------+---------+-------+------+
---------------------------------------------------------------------------------
Finished Writing Synthesis Report : Time (s): cpu = 00:00:20 ; elapsed = 00:00:20 . Memory (MB): peak = 990.883 ; gain = 359.348
---------------------------------------------------------------------------------
Synthesis finished with 0 errors, 0 critical warnings and 12 warnings.
Synthesis Optimization Runtime : Time (s): cpu = 00:00:13 ; elapsed = 00:00:18 . Memory (MB): peak = 990.883 ; gain = 279.383
Synthesis Optimization Complete : Time (s): cpu = 00:00:20 ; elapsed = 00:00:20 . Memory (MB): peak = 990.883 ; gain = 359.348
INFO: [Project 1-571] Translating synthesized netlist
INFO: [Project 1-570] Preparing netlist for logic optimization
INFO: [Opt 31-138] Pushed 0 inverter(s) to 0 load pin(s).
Netlist sorting complete. Time (s): cpu = 00:00:00 ; elapsed = 00:00:00 . Memory (MB): peak = 1012.402 ; gain = 0.000
INFO: [Project 1-111] Unisim Transformation Summary:
No Unisim elements were transformed.

INFO: [Common 17-83] Releasing license: Synthesis
21 Infos, 12 Warnings, 0 Critical Warnings and 0 Errors encountered.
synth_design completed successfully
synth_design: Time (s): cpu = 00:00:26 ; elapsed = 00:00:28 . Memory (MB): peak = 1012.402 ; gain = 658.215
Netlist sorting complete. Time (s): cpu = 00:00:00 ; elapsed = 00:00:00 . Memory (MB): peak = 1012.402 ; gain = 0.000
WARNING: [Constraints 18-5210] No constraints selected for write.
Resolution: This message can indicate that there are no constraints for the design, or it can indicate that the used_in flags are set such that the constraints are ignored. This later case is used when running synth_design to not write synthesis constraints to the resulting checkpoint. Instead, project constraints are read when the synthesized design is opened.
INFO: [Common 17-1381] The checkpoint 'C:/Users/kbastola1/Desktop/Lab3/Lab3.runs/synth_1/Lab3.dcp' has been generated.
INFO: [runtcl-4] Executing : report_utilization -file Lab3_utilization_synth.rpt -pb Lab3_utilization_synth.pb
INFO: [Common 17-206] Exiting Vivado at Thu Feb 23 18:36:15 2023...
